<?xml version="1.0" encoding="UTF-8"?>
<Site BuildName="(empty)"
	BuildStamp="20241113-1333-Experimental"
	Name="(empty)"
	Generator="ctest-3.31.0"
	CompilerName=""
	CompilerVersion=""
	OSName="Linux"
	Hostname="archlinux"
	OSRelease="6.11.6-arch1-1"
	OSVersion="#1 SMP PREEMPT_DYNAMIC Fri, 01 Nov 2024 03:30:41 +0000"
	OSPlatform="x86_64"
	Is64Bits="1"
	VendorString="GenuineIntel"
	VendorID="Intel Corporation"
	FamilyID="6"
	ModelID="158"
	ModelName="Intel(R) Core(TM) i7-7700HQ CPU @ 2.80GHz"
	ProcessorCacheSize="6144"
	NumberOfLogicalCPU="8"
	NumberOfPhysicalCPU="4"
	TotalVirtualMemory="0"
	TotalPhysicalMemory="15859"
	LogicalProcessorsPerPhysical="2"
	ProcessorClockFrequency="3486.49"
	>
	<Testing>
		<StartDateTime>Nov 13 14:33 CET</StartDateTime>
		<StartTestTime>1731504781</StartTestTime>
		<TestList/>
		<EndDateTime>Nov 13 14:33 CET</EndDateTime>
		<EndTestTime>1731504781</EndTestTime>
		<ElapsedMinutes>0</ElapsedMinutes>
	</Testing>
</Site>
